流媒体解锁测试 MediaUnlock_Test
项目地址 https://github.com/CoiaPrant/MediaUnlock_Test
BUG反馈 https://github.com/CoiaPrant/MediaUnlock_Test/issues
联系作者 https://t.me/CoiaPrant
个人频道 https://t.me/CoiaPrant_Blog
声明 本测试工具根据GPL V3协议开源，严禁倒卖
提示 本工具测试结果仅供参考，请以实际使用为准
国家代码 http://www.loglogo.com/front/countryCode/
 ** 当前版本: v1.4.0
 ** 系统时间: Wed Jul 14 14:44:38 CST 2021
 ** 正在测试IPv4解锁情况
 ** ISP: HostHatch
 HBO Now:				No
 BBC:					No
 MyTVSuper:				No
 Now E:					Yes
 Viu TV:				Yes
 Bahamut Anime:				No
 BiliBili China Mainland Only:		No
 BiliBili Hongkong/Macau/Taiwan:	Yes
 Bilibili Taiwan Only:			No
 Abema.TV:				No
 Paravi:				No
 U Next:				No
 Hulu Japan:				No
 Princess Connect Re:Dive Japan:	No
 Pretty Derby Japan:			No
 Kancolle Japan:			No
 Dazn:					No
 Netflix:				Only Homemade
 YouTube Region:			HK
 DisneyPlus:				No
 Steam Currency:			HKD
 ** 正在测试IPv6解锁情况
 ** ISP: parse error: Invalid numeric literal at line 1, column 5
 HBO Now:				Failed (Network Connection)
 BBC:					Failed (Network Connection)
 MyTVSuper:				Failed (Network Connection)
 Now E:					Failed (Network Connection)
 Viu TV:				Failed (Network Connection)
 Bahamut Anime:				Failed (Network Connection)
 BiliBili China Mainland Only:		Failed (Network Connection)
 BiliBili Hongkong/Macau/Taiwan:	Failed (Network Connection)
 Bilibili Taiwan Only:Failed (Network Connection)
 Abema.TV:				Failed (Network Connection)
 Paravi:				Failed (Network Connection)
 U Next:				Failed (Network Connection)
 Hulu Japan:				Failed (Network Connection)
 Princess Connect Re:Dive Japan:	Failed (Network Connection)
 Pretty Derby Japan:			Failed (Network Connection)
 Kancolle Japan:			No
 Dazn:					Failed (Network Connection)
 Netflix:				Failed (Network Connection)
 YouTube Region:			Failed (Network Connection)
 DisneyPlus:				Failed (Network Connection)
 Steam Currency:			Failed (Network Connection)
